<?xml version="1.0" encoding="UTF-8"?>
<testng-results skipped="0" failed="0" ignored="0" total="1" passed="1">
  <reporter-output>
  </reporter-output>
  <suite name="Default suite" duration-ms="74" started-at="2019-12-29T15:07:03 IST" finished-at="2019-12-29T15:07:03 IST">
    <groups>
    </groups>
    <test name="Default test" duration-ms="74" started-at="2019-12-29T15:07:03 IST" finished-at="2019-12-29T15:07:03 IST">
      <class name="udemyPractice.HackerRank">
        <test-method status="PASS" signature="test()[pri:0, instance:udemyPractice.HackerRank@22a67b4]" name="test" duration-ms="15" started-at="2019-12-29T15:07:03 IST" finished-at="2019-12-29T15:07:03 IST">
          <reporter-output>
          </reporter-output>
        </test-method> <!-- test -->
      </class> <!-- udemyPractice.HackerRank -->
    </test> <!-- Default test -->
  </suite> <!-- Default suite -->
</testng-results>
